<?xml version="1.0" encoding="UTF-8"?>
<!-- Generated by org.testng.reporters.JUnitReportReporter -->
<testsuite hostname="de-c-w-869" name="MiniCalcTest" tests="1" failures="0" timestamp="5 Dec 2015 20:25:48 GMT" time="10.680" errors="0">
  <testcase name="miniTest" time="10.680" classname="MiniCalcTest"/>
</testsuite> <!-- MiniCalcTest -->
