<?xml version="1.0" encoding="UTF-8"?>
<!-- Generated by org.testng.reporters.JUnitReportReporter -->
<testsuite hostname="de-c-w-869" name="CalcDemoTest" tests="2" failures="0" timestamp="7 Dec 2015 20:39:50 GMT" time="1.291" errors="0">
  <testcase name="simpleTest" time="1.210" classname="CalcDemoTest"/>
  <testcase name="targetServerReady" time="0.081" classname="CalcDemoTest"/>
</testsuite> <!-- CalcDemoTest -->
