<?xml version="1.0" encoding="UTF-8"?>
<!-- Generated by org.testng.reporters.JUnitReportReporter -->
<testsuite hostname="de-c-w-869" name="InitTest" tests="1" failures="0" timestamp="7 Dec 2015 16:46:43 GMT" time="9.650" errors="0">
  <testcase name="firstTest" time="9.650" classname="InitTest"/>
</testsuite> <!-- InitTest -->
